plugins\_host\discovery.py:31: error: Library stubs not installed for "yaml"  [import-untyped]
plugins\_host\discovery.py:31: note: Hint: "python3 -m pip install types-PyYAML"
plugins\_host\discovery.py:31: note: (or run "mypy --install-types" to install all missing stub packages)
plugins\_host\discovery.py:31: note: See https://mypy.readthedocs.io/en/stable/running_mypy.html#missing-imports
plugins\_host\scaffold.py:29: error: Library stubs not installed for "yaml"  [import-untyped]
plugins\_host\test_runner.py:358: error: Library stubs not installed for "yaml"  [import-untyped]
plugins\_host\validator.py:28: error: Library stubs not installed for "yaml"  [import-untyped]
plugins\_host\validator.py:31: error: Library stubs not installed for "jsonschema"  [import-untyped]
plugins\_host\validator.py:31: note: Hint: "python3 -m pip install types-jsonschema"
plugins\_host\__init__.py: error: Source file found twice under different module names: "_host" and "plugins._host"
plugins\_host\__init__.py: note: See https://mypy.readthedocs.io/en/stable/running_mypy.html#mapping-file-paths-to-modules for more info
plugins\_host\__init__.py: note: Common resolutions include: a) adding `__init__.py` somewhere, b) using `--explicit-package-bases` or adjusting MYPYPATH
Found 6 errors in 5 files (errors prevented further checking)
