skills\ppf_manage_dependencies\config.py:61: error: Value of type "object" is not indexable  [index]
contracts\base.py:116: error: Incompatible types in assignment (expression has type "float", target has type "dict[str, Any] | str")  [assignment]
contracts\base.py:118: error: Incompatible types in assignment (expression has type "float", target has type "dict[str, Any] | str")  [assignment]
contracts\base.py:153: error: Function is missing a return type annotation  [no-untyped-def]
contracts\base.py:153: note: Use "-> None" if function does not return a value
contracts\tts_contract.py:169: error: Function is missing a return type annotation  [no-untyped-def]
contracts\tts_contract.py:169: note: Use "-> None" if function does not return a value
contracts\tts_contract.py:171: error: Call to untyped function "__init__" in typed context  [no-untyped-call]
contracts\stt_contract.py:194: error: Function is missing a return type annotation  [no-untyped-def]
contracts\stt_contract.py:194: note: Use "-> None" if function does not return a value
contracts\stt_contract.py:196: error: Call to untyped function "__init__" in typed context  [no-untyped-call]
contracts\llm_contract.py:67: error: Incompatible types in assignment (expression has type "list[dict[str, Any]]", target has type "str")  [assignment]
contracts\llm_contract.py:234: error: Incompatible types in assignment (expression has type "list[dict[str, Any]]", target has type "str")  [assignment]
contracts\llm_contract.py:269: error: Function is missing a return type annotation  [no-untyped-def]
contracts\llm_contract.py:269: note: Use "-> None" if function does not return a value
contracts\llm_contract.py:271: error: Call to untyped function "__init__" in typed context  [no-untyped-call]
skills\ppf_manage_dependencies\executor.py:22: error: Library stubs not installed for "yaml"  [import-untyped]
skills\ppf_manage_dependencies\executor.py:22: note: Hint: "python3 -m pip install types-PyYAML"
skills\ppf_manage_dependencies\executor.py:22: note: (or run "mypy --install-types" to install all missing stub packages)
skills\ppf_manage_dependencies\executor.py:22: note: See https://mypy.readthedocs.io/en/stable/running_mypy.html#missing-imports
skills\ppf_manage_dependencies\executor.py:27: error: Module "config" has no attribute "DEPENDENCY_CONFIG"  [attr-defined]
skills\ppf_manage_dependencies\executor.py:35: error: Function is missing a return type annotation  [no-untyped-def]
skills\ppf_manage_dependencies\executor.py:35: note: Use "-> None" if function does not return a value
skills\ppf_manage_dependencies\executor.py:42: error: Function is missing a return type annotation  [no-untyped-def]
skills\ppf_manage_dependencies\executor.py:42: error: Function is missing a type annotation for one or more arguments  [no-untyped-def]
skills\ppf_manage_dependencies\executor.py:69: error: Function is missing a return type annotation  [no-untyped-def]
skills\ppf_manage_dependencies\executor.py:94: error: Function is missing a type annotation  [no-untyped-def]
skills\ppf_manage_dependencies\executor.py:110: error: Function is missing a type annotation  [no-untyped-def]
skills\ppf_manage_dependencies\executor.py:119: error: Function is missing a return type annotation  [no-untyped-def]
skills\ppf_manage_dependencies\executor.py:151: error: Function is missing a type annotation  [no-untyped-def]
skills\ppf_manage_dependencies\executor.py:170: error: Function is missing a type annotation  [no-untyped-def]
skills\ppf_manage_dependencies\executor.py:187: error: Call to untyped function "parse_version" in typed context  [no-untyped-call]
skills\ppf_manage_dependencies\executor.py:188: error: Call to untyped function "parse_version" in typed context  [no-untyped-call]
skills\ppf_manage_dependencies\executor.py:196: error: Function is missing a type annotation  [no-untyped-def]
skills\ppf_manage_dependencies\executor.py:202: error: Need type annotation for "requirements" (hint: "requirements: dict[<type>, <type>] = ...")  [var-annotated]
skills\ppf_manage_dependencies\executor.py:226: error: Function is missing a type annotation  [no-untyped-def]
skills\ppf_manage_dependencies\executor.py:232: error: Need type annotation for "conflicts"  [var-annotated]
skills\ppf_manage_dependencies\executor.py:238: error: Call to untyped function "load_plugin_requirements" in typed context  [no-untyped-call]
skills\ppf_manage_dependencies\executor.py:241: error: Need type annotation for "combined" (hint: "combined: dict[<type>, <type>] = ...")  [var-annotated]
skills\ppf_manage_dependencies\executor.py:271: error: Call to untyped function "compare_versions" in typed context  [no-untyped-call]
skills\ppf_manage_dependencies\executor.py:297: error: Function is missing a type annotation  [no-untyped-def]
skills\ppf_manage_dependencies\executor.py:325: error: Function is missing a type annotation  [no-untyped-def]
skills\ppf_manage_dependencies\executor.py:350: error: Call to untyped function "_validate_dependency_commands" in typed context  [no-untyped-call]
skills\ppf_manage_dependencies\executor.py:356: error: Call to untyped function "validate_environment" in typed context  [no-untyped-call]
skills\ppf_manage_dependencies\executor.py:361: error: Call to untyped function "load_manifest" in typed context  [no-untyped-call]
skills\ppf_manage_dependencies\executor.py:366: error: Need type annotation for "missing"  [var-annotated]
skills\ppf_manage_dependencies\executor.py:371: error: Need type annotation for "conflicts"  [var-annotated]
skills\ppf_manage_dependencies\executor.py:377: error: Call to untyped function "get_installed_python_packages" in typed context  [no-untyped-call]
skills\ppf_manage_dependencies\executor.py:383: error: Call to untyped function "detect_python_conflicts" in typed context  [no-untyped-call]
skills\ppf_manage_dependencies\executor.py:387: error: Call to untyped function "get_installed_npm_packages" in typed context  [no-untyped-call]
skills\ppf_manage_dependencies\executor.py:398: error: Call to untyped function "check_system_tool" in typed context  [no-untyped-call]
skills\ppf_manage_dependencies\executor.py:421: error: Function is missing a type annotation  [no-untyped-def]
skills\ppf_manage_dependencies\executor.py:426: error: Call to untyped function "validate_environment" in typed context  [no-untyped-call]
skills\ppf_manage_dependencies\executor.py:496: error: Call to untyped function "audit_dependencies" in typed context  [no-untyped-call]
skills\ppf_create_plugin\types_sync.py:45: error: Returning Any from function declared to return "str"  [no-any-return]
skills\ppf_create_plugin\types_sync.py:114: error: Returning Any from function declared to return "str"  [no-any-return]
skills\ppf_create_plugin\types_sync.py:156: error: Unused "type: ignore" comment  [unused-ignore]
skills\ppf_create_plugin\executor.py:16: error: Module "config" has no attribute "MANIFEST_TEMPLATE"  [attr-defined]
skills\ppf_create_plugin\executor.py:16: error: Module "config" has no attribute "CONTRACT_TEMPLATE"  [attr-defined]
skills\ppf_create_plugin\executor.py:16: error: Module "config" has no attribute "PLUGIN_TEMPLATE"  [attr-defined]
skills\ppf_create_plugin\executor.py:16: error: Module "config" has no attribute "TS_INTERFACE_TEMPLATE"  [attr-defined]
skills\ppf_create_plugin\executor.py:16: error: Module "config" has no attribute "TYPE_MAP"  [attr-defined]
skills\ppf_create_plugin\executor.py:29: error: Function is missing a type annotation  [no-untyped-def]
skills\ppf_create_plugin\executor.py:33: error: Function is missing a type annotation  [no-untyped-def]
skills\ppf_create_plugin\executor.py:38: error: Function is missing a type annotation  [no-untyped-def]
skills\ppf_create_plugin\executor.py:42: error: Function is missing a type annotation  [no-untyped-def]
skills\ppf_create_plugin\executor.py:57: error: Call to untyped function "to_pascal_case" in typed context  [no-untyped-call]
skills\ppf_create_plugin\executor.py:58: error: Call to untyped function "to_pascal_case" in typed context  [no-untyped-call]
skills\ppf_create_plugin\executor.py:86: error: Call to untyped function "_build_manifest" in typed context  [no-untyped-call]
skills\ppf_create_plugin\executor.py:93: error: Call to untyped function "_build_contract" in typed context  [no-untyped-call]
skills\ppf_create_plugin\executor.py:99: error: Call to untyped function "_build_plugin" in typed context  [no-untyped-call]
skills\ppf_create_plugin\executor.py:104: error: Call to untyped function "_build_ts_interfaces" in typed context  [no-untyped-call]
skills\ppf_create_plugin\executor.py:119: error: Function is missing a type annotation  [no-untyped-def]
skills\ppf_create_plugin\executor.py:165: error: Function is missing a type annotation  [no-untyped-def]
skills\ppf_create_plugin\executor.py:171: error: Call to untyped function "to_pascal_case" in typed context  [no-untyped-call]
skills\ppf_create_plugin\executor.py:199: error: Call to untyped function "to_pascal_case" in typed context  [no-untyped-call]
skills\ppf_create_plugin\executor.py:203: error: Function is missing a type annotation  [no-untyped-def]
skills\ppf_create_plugin\executor.py:214: error: Call to untyped function "to_pascal_case" in typed context  [no-untyped-call]
skills\ppf_create_plugin\executor.py:234: error: Function is missing a type annotation  [no-untyped-def]
skills\ppf_create_plugin\executor.py:240: error: Call to untyped function "to_pascal_case" in typed context  [no-untyped-call]
skills\ppf_create_plugin\executor.py:245: error: Call to untyped function "map_type_to_ts" in typed context  [no-untyped-call]
skills\ppf_create_plugin\executor.py:251: error: Call to untyped function "map_type_to_ts" in typed context  [no-untyped-call]
skills\ppf_create_application\executor.py:18: error: Function is missing a return type annotation  [no-untyped-def]
skills\ppf_create_application\executor.py:32: error: Function is missing a type annotation  [no-untyped-def]
skills\ppf_create_application\executor.py:52: error: Function is missing a type annotation  [no-untyped-def]
skills\ppf_create_application\executor.py:56: error: Need type annotation for "artifacts"  [var-annotated]
skills\ppf_create_application\executor.py:69: error: Function is missing a return type annotation  [no-untyped-def]
skills\ppf_create_application\executor.py:90: error: Call to untyped function "get_project_root" in typed context  [no-untyped-call]
skills\ppf_create_application\executor.py:95: error: Call to untyped function "check_bundle_identifier" in typed context  [no-untyped-call]
skills\ppf_create_application\executor.py:114: error: Item "None" of "IO[str] | None" has no attribute "__iter__" (not iterable)  [union-attr]
skills\ppf_create_application\executor.py:126: error: Call to untyped function "find_artifacts" in typed context  [no-untyped-call]
skills\ppf_create_application\executor.py:142: error: Call to untyped function "build_application" in typed context  [no-untyped-call]
skills\ppf_build_application\executor.py:22: error: Function is missing a return type annotation  [no-untyped-def]
skills\ppf_build_application\executor.py:39: error: Function is missing a type annotation  [no-untyped-def]
skills\ppf_build_application\executor.py:59: error: Function is missing a type annotation  [no-untyped-def]
skills\ppf_build_application\executor.py:63: error: Need type annotation for "artifacts"  [var-annotated]
skills\ppf_build_application\executor.py:78: error: Function is missing a return type annotation  [no-untyped-def]
skills\ppf_build_application\executor.py:80: error: Call to untyped function "get_project_root" in typed context  [no-untyped-call]
skills\ppf_build_application\executor.py:103: error: Call to untyped function "check_bundle_identifier" in typed context  [no-untyped-call]
skills\ppf_build_application\executor.py:148: error: Call to untyped function "find_artifacts" in typed context  [no-untyped-call]
skills\ppf_build_application\executor.py:164: error: Call to untyped function "build_application" in typed context  [no-untyped-call]
plugins\_host\scaffold.py:29: error: Library stubs not installed for "yaml"  [import-untyped]
plugins\_host\discovery.py:31: error: Library stubs not installed for "yaml"  [import-untyped]
plugins\_host\discovery.py:31: note: Hint: "python3 -m pip install types-PyYAML"
plugins\_host\discovery.py:31: note: (or run "mypy --install-types" to install all missing stub packages)
plugins\_host\discovery.py:31: note: See https://mypy.readthedocs.io/en/stable/running_mypy.html#missing-imports
plugins\_host\discovery.py:111: error: Missing type parameters for generic type "Pattern"  [type-arg]
plugins\tts_example_plugin\plugin.py:38: error: Function is missing a return type annotation  [no-untyped-def]
plugins\tts_example_plugin\plugin.py:38: note: Use "-> None" if function does not return a value
plugins\tts_example_plugin\plugin.py:40: error: Call to untyped function "__init__" in typed context  [no-untyped-call]
plugins\tts_example_plugin\plugin.py:97: error: Return type "Coroutine[Any, Any, None]" of "shutdown" incompatible with return type "Coroutine[Any, Any, bool]" in supertype "contracts.base.PluginBase"  [override]
plugins\tts_example_plugin\plugin.py:101: error: Return type "Coroutine[Any, Any, HealthStatus]" of "health_check" incompatible with return type "HealthStatus" in supertype "contracts.base.PluginBase"  [override]
plugins\tts_example_plugin\plugin.py:108: error: Unexpected keyword argument "healthy" for "HealthStatus"  [call-arg]
plugins\tts_example_plugin\plugin.py:146: error: Argument 1 to "_get_voice_by_id" of "ExampleTTSPlugin" has incompatible type "str | None"; expected "str"  [arg-type]
plugins\tts_example_plugin\plugin.py:175: error: Argument "voice_id" to "SynthesisResult" has incompatible type "str | None"; expected "str"  [arg-type]
plugins\_host\validator.py:28: error: Library stubs not installed for "yaml"  [import-untyped]
plugins\_host\validator.py:304: error: Missing type parameters for generic type "Type"  [type-arg]
plugins\_host\validator.py:321: error: Missing type parameters for generic type "Type"  [type-arg]
plugins\_host\validator.py:364: error: Missing type parameters for generic type "Type"  [type-arg]
plugins\_host\validator.py:393: error: Incompatible types in assignment (expression has type "str", variable has type "FunctionType")  [assignment]
plugins\_host\validator.py:394: error: Argument 1 to "append" of "list" has incompatible type "FunctionType"; expected "str"  [arg-type]
plugins\_host\validator.py:465: error: Name "DiscoveredPlugin" is not defined  [name-defined]
plugins\_host\validator.py:496: error: Function is missing a return type annotation  [no-untyped-def]
plugins\stt_whisper\plugin.py:68: error: Function is missing a return type annotation  [no-untyped-def]
plugins\stt_whisper\plugin.py:68: note: Use "-> None" if function does not return a value
plugins\stt_whisper\plugin.py:70: error: Call to untyped function "__init__" in typed context  [no-untyped-call]
plugins\stt_whisper\plugin.py:131: error: Return type "Coroutine[Any, Any, None]" of "shutdown" incompatible with return type "Coroutine[Any, Any, bool]" in supertype "contracts.base.PluginBase"  [override]
plugins\stt_whisper\plugin.py:137: error: Return type "Coroutine[Any, Any, HealthStatus]" of "health_check" incompatible with return type "HealthStatus" in supertype "contracts.base.PluginBase"  [override]
plugins\stt_whisper\plugin.py:172: error: Function is missing a return type annotation  [no-untyped-def]
plugins\stt_whisper\plugin.py:216: error: Function is missing a return type annotation  [no-untyped-def]
plugins\stt_whisper\plugin.py:217: error: Item "None" of "Any | None" has no attribute "transcribe"  [union-attr]
plugins\llm_ollama_v2\plugin.py:56: error: Function is missing a return type annotation  [no-untyped-def]
plugins\llm_ollama_v2\plugin.py:56: note: Use "-> None" if function does not return a value
plugins\llm_ollama_v2\plugin.py:58: error: Call to untyped function "__init__" in typed context  [no-untyped-call]
plugins\llm_ollama_v2\plugin.py:103: error: Return type "Coroutine[Any, Any, None]" of "shutdown" incompatible with return type "Coroutine[Any, Any, bool]" in supertype "contracts.base.PluginBase"  [override]
plugins\llm_ollama_v2\plugin.py:110: error: Return type "Coroutine[Any, Any, HealthStatus]" of "health_check" incompatible with return type "HealthStatus" in supertype "contracts.base.PluginBase"  [override]
plugins\llm_ollama_v2\plugin.py:144: error: Function is missing a return type annotation  [no-untyped-def]
plugins\llm_ollama_v2\plugin.py:156: error: Function is missing a return type annotation  [no-untyped-def]
plugins\llm_ollama_v2\plugin.py:265: error: Unsupported target for indexed assignment ("object")  [index]
plugins\llm_ollama_v2\plugin.py:267: error: Function is missing a return type annotation  [no-untyped-def]
plugins\llm_ollama_v2\plugin.py:310: error: Return type "AsyncIterator[StreamChunk]" of "complete_stream" incompatible with return type "Coroutine[Any, Any, AsyncIterator[StreamChunk]]" in supertype "contracts.llm_contract.LLMContract"  [override]
plugins\llm_ollama_v2\plugin.py:310: note: Consider declaring "complete_stream" in supertype "contracts.llm_contract.LLMContract" without "async"
plugins\llm_ollama_v2\plugin.py:310: note: See https://mypy.readthedocs.io/en/stable/more_types.html#asynchronous-iterators
plugins\llm_ollama_v2\plugin.py:352: error: Function is missing a return type annotation  [no-untyped-def]
plugins\llm_ollama_v2\plugin.py:373: error: Need type annotation for "q"  [var-annotated]
plugins\llm_ollama_v2\plugin.py:376: error: Function is missing a return type annotation  [no-untyped-def]
plugins\llm_ollama_v2\plugin.py:376: note: Use "-> None" if function does not return a value
plugins\llm_ollama_v2\plugin.py:378: error: Call to untyped function "stream_request" in typed context  [no-untyped-call]
plugins\llm_ollama_v2\plugin.py:381: error: No overload variant of "__setitem__" of "list" matches argument types "int", "Exception"  [call-overload]
plugins\llm_ollama_v2\plugin.py:381: note: Possible overload variants:
plugins\llm_ollama_v2\plugin.py:381: note:     def __setitem__(self, SupportsIndex, None, /) -> None
plugins\llm_ollama_v2\plugin.py:381: note:     def __setitem__(self, slice[Any, Any, Any], Iterable[None], /) -> None
plugins\_host\test_runner.py:358: error: Library stubs not installed for "yaml"  [import-untyped]
plugins\_host\shutdown.py:169: error: Incompatible types in assignment (expression has type "Callable[[int, FrameType | None], Any] | int | None", variable has type "None")  [assignment]
plugins\_host\shutdown.py:170: error: Incompatible types in assignment (expression has type "Callable[[int, FrameType | None], Any] | int | None", variable has type "None")  [assignment]
plugins\_host\shutdown.py:190: error: Function is missing a type annotation for one or more arguments  [no-untyped-def]
plugins\_host\shutdown.py:195: error: Function is missing a type annotation for one or more arguments  [no-untyped-def]
plugins\_host\shutdown.py:347: error: Incompatible types in assignment (expression has type "Callable[[], None]", variable has type "Callable[[], Coroutine[Any, Any, None]]")  [assignment]
plugins\_host\shutdown.py:349: error: Value of type "Coroutine[Any, Any, None]" must be used  [unused-coroutine]
plugins\_host\shutdown.py:349: note: Are you missing an await?
plugins\_host\shutdown.py:482: error: Function is missing a type annotation for one or more arguments  [no-untyped-def]
plugins\_host\loader.py:438: error: Function is missing a return type annotation  [no-untyped-def]
plugins\_host\loader.py:551: error: Argument 1 to "load" of "PluginLoader" has incompatible type "plugins._host.discovery.DiscoveredPlugin"; expected "plugins._host.loader.DiscoveredPlugin"  [arg-type]
plugins\_host\isolation.py:394: error: Missing type parameters for generic type "tuple"  [type-arg]
plugins\_host\isolation.py:486: error: Missing type parameters for generic type "tuple"  [type-arg]
plugins\_host\isolation.py:622: error: Function is missing a return type annotation  [no-untyped-def]
plugins\_host\isolation.py:639: error: Missing type parameters for generic type "Callable"  [type-arg]
plugins\_host\isolation.py:641: error: Function is missing a type annotation  [no-untyped-def]
plugins\tests\test_whisper_stt.py:22: error: Function is missing a return type annotation  [no-untyped-def]
plugins\tests\test_whisper_stt.py:22: error: Incompatible default for argument "audio_file" (default has type "None", argument has type "str")  [assignment]
plugins\tests\test_whisper_stt.py:22: note: PEP 484 prohibits implicit Optional. Accordingly, mypy has changed its default to no_implicit_optional=True
plugins\tests\test_whisper_stt.py:22: note: Use https://github.com/hauntsaninja/no_implicit_optional to automatically upgrade your codebase
plugins\tests\test_whisper_stt.py:64: error: Call to untyped function "WhisperSTTPlugin" in typed context  [no-untyped-call]
plugins\tests\test_whisper_stt.py:135: error: Incompatible types in assignment (expression has type "TranscriptionResult", variable has type "bool")  [assignment]
plugins\tests\test_whisper_stt.py:138: error: "bool" has no attribute "text"  [attr-defined]
plugins\tests\test_whisper_stt.py:139: error: "bool" has no attribute "language"  [attr-defined]
plugins\tests\test_whisper_stt.py:140: error: "bool" has no attribute "duration_ms"  [attr-defined]
plugins\tests\test_whisper_stt.py:141: error: "bool" has no attribute "segments"  [attr-defined]
plugins\tests\test_whisper_stt.py:143: error: "bool" has no attribute "segments"  [attr-defined]
plugins\tests\test_whisper_stt.py:144: error: "bool" has no attribute "segments"  [attr-defined]
plugins\tests\test_whisper_stt.py:167: error: Argument 1 to "test_whisper_stt" has incompatible type "str | None"; expected "str"  [arg-type]
services\llm.py:70: error: Function is missing a return type annotation  [no-untyped-def]
services\llm.py:75: error: Function is missing a type annotation  [no-untyped-def]
services\llm.py:92: error: Call to untyped function "OllamaLLMPlugin" in typed context  [no-untyped-call]
services\llm.py:92: error: Incompatible types in assignment (expression has type "OllamaLLMPlugin", variable has type "None")  [assignment]
services\llm.py:93: error: "None" has no attribute "initialize"  [attr-defined]
services\llm.py:101: error: "None" has no attribute "get_models"  [attr-defined]
services\llm.py:104: error: "None" has no attribute "set_model"  [attr-defined]
services\llm.py:167: error: "None" has no attribute "complete"  [attr-defined]
services\llm.py:168: error: Returning Any from function declared to return "str"  [no-any-return]
services\llm.py:217: error: "None" has no attribute "complete"  [attr-defined]
services\llm.py:222: error: Returning Any from function declared to return "str"  [no-any-return]
services\llm.py:260: error: "None" has no attribute "complete_stream"  [attr-defined]
services\llm.py:340: error: "None" has no attribute "_refresh_models"  [attr-defined]
plugins\_host\manager.py:326: error: Argument 1 to "load" of "PluginLoader" has incompatible type "plugins._host.discovery.DiscoveredPlugin"; expected "plugins._host.loader.DiscoveredPlugin"  [arg-type]
plugins\_host\manager.py:480: error: Argument 1 to "load" of "PluginLoader" has incompatible type "plugins._host.discovery.DiscoveredPlugin"; expected "plugins._host.loader.DiscoveredPlugin"  [arg-type]
plugins\_host\manager.py:607: error: Unsupported target for indexed assignment ("object")  [index]
plugins\_host\manager.py:615: error: Unsupported right operand type for in ("object")  [operator]
plugins\_host\manager.py:616: error: Unsupported target for indexed assignment ("object")  [index]
plugins\_host\manager.py:617: error: Value of type "object" is not indexable  [index]
plugins\_host\manager.py:620: error: Unsupported right operand type for in ("object")  [operator]
plugins\_host\manager.py:621: error: Unsupported target for indexed assignment ("object")  [index]
plugins\_host\manager.py:622: error: Value of type "object" is not indexable  [index]
plugins\_host\manager.py:682: error: Function is missing a return type annotation  [no-untyped-def]
plugins\_host\manager.py:682: note: Use "-> None" if function does not return a value
plugins\_host\manager.py:698: error: Call to untyped function "test_manager" in typed context  [no-untyped-call]
plugins\_host\protocol.py:172: error: Incompatible types in assignment (expression has type "dict[str, Any]", target has type "str | int | None")  [assignment]
plugins\_host\protocol.py:318: error: Function is missing a type annotation  [no-untyped-def]
plugins\_host\protocol.py:327: error: Function is missing a type annotation  [no-untyped-def]
plugins\_host\protocol.py:345: error: Function is missing a type annotation  [no-untyped-def]
plugins\_host\protocol.py:356: error: Function is missing a type annotation  [no-untyped-def]
plugins\_host\protocol.py:378: error: Function is missing a type annotation  [no-untyped-def]
plugins\_host\protocol.py:395: error: Function is missing a type annotation  [no-untyped-def]
plugins\_host\protocol.py:416: error: Function is missing a type annotation  [no-untyped-def]
plugins\_host\protocol.py:448: error: Function is missing a return type annotation  [no-untyped-def]
plugins\tests\test_ollama_llm.py:24: error: Function is missing a return type annotation  [no-untyped-def]
plugins\tests\test_ollama_llm.py:56: error: Call to untyped function "OllamaLLMPlugin" in typed context  [no-untyped-call]
plugins\tests\test_ollama_llm.py:107: error: Incompatible types in assignment (expression has type "CompletionResult", variable has type "bool")  [assignment]
plugins\tests\test_ollama_llm.py:110: error: "bool" has no attribute "content"  [attr-defined]
plugins\tests\test_ollama_llm.py:111: error: "bool" has no attribute "model"  [attr-defined]
plugins\tests\test_ollama_llm.py:112: error: "bool" has no attribute "usage"  [attr-defined]
plugins\tests\test_ollama_llm.py:129: error: Function is missing a return type annotation  [no-untyped-def]
plugins\tests\test_ollama_llm.py:175: error: Call to untyped function "test_ollama_llm" in typed context  [no-untyped-call]
plugins\tests\test_ollama_llm.py:179: error: Call to untyped function "test_llm_service" in typed context  [no-untyped-call]
plugins\_host\__init__.py:112: error: Missing type parameters for generic type "StreamHandler"  [type-arg]
plugins\_host\__init__.py:120: error: Function is missing a return type annotation  [no-untyped-def]
plugins\_host\__init__.py:120: note: Use "-> None" if function does not return a value
plugins\_host\__init__.py:194: error: Call to untyped function "StderrHandler" in typed context  [no-untyped-call]
plugins\_host\__init__.py:204: error: Incompatible types in assignment (expression has type "Formatter", variable has type "JsonRpcSafeFormatter")  [assignment]
plugins\_host\__init__.py:327: error: Function is missing a return type annotation  [no-untyped-def]
plugins\_host\__init__.py:331: error: Function is missing a return type annotation  [no-untyped-def]
plugins\_host\__init__.py:335: error: Function is missing a return type annotation  [no-untyped-def]
plugins\_host\__init__.py:339: error: Function is missing a return type annotation  [no-untyped-def]
plugins\_host\__init__.py:343: error: Function is missing a return type annotation  [no-untyped-def]
plugins\_host\__init__.py:347: error: Function is missing a return type annotation  [no-untyped-def]
plugins\_host\__init__.py:351: error: Function is missing a return type annotation  [no-untyped-def]
plugins\llm_ollama\plugin.py:10: error: Module "plugins._host" has no attribute "PluginBase"  [attr-defined]
plugins\llm_ollama\plugin.py:12: error: Class cannot subclass "PluginBase" (has type "Any")  [misc]
plugins\llm_ollama\plugin.py:13: error: Function is missing a return type annotation  [no-untyped-def]
plugins\llm_ollama\plugin.py:13: note: Use "-> None" if function does not return a value
plugins\llm_ollama\plugin.py:21: error: Function is missing a return type annotation  [no-untyped-def]
plugins\llm_ollama\plugin.py:21: note: Use "-> None" if function does not return a value
plugins\llm_ollama\plugin.py:25: error: Missing type parameters for generic type "dict"  [type-arg]
plugins\llm_ollama\plugin.py:35: error: Missing type parameters for generic type "list"  [type-arg]
plugins\llm_ollama\plugin.py:46: error: Missing type parameters for generic type "dict"  [type-arg]
plugins\llm_ollama\plugin.py:117: error: Function is missing a return type annotation  [no-untyped-def]
plugins\_host\__main__.py:317: error: Argument 1 to "request_started" of "ShutdownHandler" has incompatible type "str | int"; expected "int"  [arg-type]
plugins\_host\__main__.py:349: error: Argument 1 to "request_completed" of "ShutdownHandler" has incompatible type "str | int"; expected "int"  [arg-type]
plugins\_host\__main__.py:441: error: Argument 1 to "request_started" of "ShutdownHandler" has incompatible type "str | int"; expected "int"  [arg-type]
plugins\_host\__main__.py:477: error: Argument 1 to "request_completed" of "ShutdownHandler" has incompatible type "str | int"; expected "int"  [arg-type]
plugins\tts_kokoro\plugin.py:146: error: Function is missing a return type annotation  [no-untyped-def]
plugins\tts_kokoro\plugin.py:146: note: Use "-> None" if function does not return a value
plugins\tts_kokoro\plugin.py:148: error: Call to untyped function "__init__" in typed context  [no-untyped-call]
plugins\tts_kokoro\plugin.py:202: error: Return type "Coroutine[Any, Any, None]" of "shutdown" incompatible with return type "Coroutine[Any, Any, bool]" in supertype "contracts.base.PluginBase"  [override]
plugins\tts_kokoro\plugin.py:212: error: Return type "Coroutine[Any, Any, HealthStatus]" of "health_check" incompatible with return type "HealthStatus" in supertype "contracts.base.PluginBase"  [override]
plugins\tts_kokoro\plugin.py:262: error: Function is missing a return type annotation  [no-untyped-def]
plugins\tts_kokoro\plugin.py:266: error: Item "None" of "Any | None" has no attribute "_lang_code"  [union-attr]
plugins\tts_kokoro\plugin.py:336: error: Argument 1 to "_get_lang_code_for_voice" of "KokoroTTSPlugin" has incompatible type "str | None"; expected "str"  [arg-type]
plugins\tts_kokoro\plugin.py:344: error: Function is missing a return type annotation  [no-untyped-def]
plugins\tts_kokoro\plugin.py:346: error: "None" not callable  [misc]
plugins\tts_kokoro\plugin.py:379: error: Argument "voice_id" to "SynthesisResult" has incompatible type "str | None"; expected "str"  [arg-type]
plugins\tts_kokoro\plugin.py:392: error: Function is missing a type annotation for one or more arguments  [no-untyped-def]
services\voice.py:68: error: Function is missing a return type annotation  [no-untyped-def]
services\voice.py:73: error: Function is missing a type annotation  [no-untyped-def]
services\voice.py:90: error: Call to untyped function "KokoroTTSPlugin" in typed context  [no-untyped-call]
services\voice.py:90: error: Incompatible types in assignment (expression has type "KokoroTTSPlugin", variable has type "None")  [assignment]
services\voice.py:91: error: "None" has no attribute "initialize"  [attr-defined]
services\voice.py:100: error: Call to untyped function "WhisperSTTPlugin" in typed context  [no-untyped-call]
services\voice.py:100: error: Incompatible types in assignment (expression has type "WhisperSTTPlugin", variable has type "None")  [assignment]
services\voice.py:101: error: "None" has no attribute "initialize"  [attr-defined]
services\voice.py:166: error: "None" has no attribute "synthesize"  [attr-defined]
services\voice.py:175: error: Returning Any from function declared to return "bytes"  [no-any-return]
services\voice.py:215: error: "None" has no attribute "transcribe"  [attr-defined]
services\voice.py:216: error: Returning Any from function declared to return "str"  [no-any-return]
services\voice.py:254: error: "None" has no attribute "transcribe"  [attr-defined]
plugins\tests\test_roundtrip.py:28: error: Function is missing a return type annotation  [no-untyped-def]
plugins\tests\test_roundtrip.py:49: error: Call to untyped function "KokoroTTSPlugin" in typed context  [no-untyped-call]
plugins\tests\test_roundtrip.py:73: error: Call to untyped function "WhisperSTTPlugin" in typed context  [no-untyped-call]
plugins\tests\test_roundtrip.py:179: error: Call to untyped function "KokoroTTSPlugin" in typed context  [no-untyped-call]
plugins\tests\test_roundtrip.py:221: error: Call to untyped function "test_roundtrip" in typed context  [no-untyped-call]
plugins\tests\test_kokoro_tts.py:23: error: Function is missing a return type annotation  [no-untyped-def]
plugins\tests\test_kokoro_tts.py:61: error: Call to untyped function "KokoroTTSPlugin" in typed context  [no-untyped-call]
plugins\tests\test_kokoro_tts.py:109: error: Incompatible types in assignment (expression has type "SynthesisResult", variable has type "bool")  [assignment]
plugins\tests\test_kokoro_tts.py:112: error: "bool" has no attribute "duration_ms"  [attr-defined]
plugins\tests\test_kokoro_tts.py:113: error: "bool" has no attribute "format"  [attr-defined]
plugins\tests\test_kokoro_tts.py:114: error: "bool" has no attribute "sample_rate"  [attr-defined]
plugins\tests\test_kokoro_tts.py:115: error: "bool" has no attribute "audio_data"  [attr-defined]
plugins\tests\test_kokoro_tts.py:116: error: "bool" has no attribute "metadata"  [attr-defined]
plugins\tests\test_kokoro_tts.py:121: error: "bool" has no attribute "audio_data"  [attr-defined]
plugins\tests\test_kokoro_tts.py:140: error: Call to untyped function "test_kokoro_tts" in typed context  [no-untyped-call]
plugins\tests\test_services.py:19: error: Function is missing a return type annotation  [no-untyped-def]
plugins\tests\test_services.py:65: error: Function is missing a return type annotation  [no-untyped-def]
plugins\tests\test_services.py:118: error: Function is missing a return type annotation  [no-untyped-def]
plugins\tests\test_services.py:135: error: Call to untyped function "test_voice_service" in typed context  [no-untyped-call]
plugins\tests\test_services.py:136: error: Call to untyped function "test_llm_service" in typed context  [no-untyped-call]
plugins\tests\test_services.py:149: error: Call to untyped function "main" in typed context  [no-untyped-call]
services\ai_team\config.py:32: error: Returning Any from function declared to return "AgentConfig"  [no-any-return]
services\ai_team\tools\brave_search.py:29: error: Argument "params" to "get" of "AsyncClient" has incompatible type "dict[str, object]"; expected "QueryParams | Mapping[str, str | int | float | bool | None | Sequence[str | int | float | bool | None]] | list[tuple[str, str | int | float | bool | None]] | tuple[tuple[str, str | int | float | bool | None], ...] | str | bytes | None"  [arg-type]
services\ai_team\agents.py:19: error: Argument 1 to "GeminiModel" has incompatible type "str"; expected "Literal['gemini-1.5-flash', 'gemini-1.5-flash-8b', 'gemini-1.5-pro', 'gemini-1.0-pro', 'gemini-2.0-flash-exp']"  [arg-type]
services\ai_team\agents.py:24: error: Argument "deps_type" to "Agent" has incompatible type "None"; expected "type[None]"  [arg-type]
services\ai_team\agents.py:28: error: Argument 1 to "tool" of "Agent" has incompatible type "Callable[[str, str | None], Coroutine[Any, Any, list[dict[str, Any]]]]"; expected "Callable[[RunContext[None], str | None], Any]"  [arg-type]
services\ai_team\agents.py:28: note: This is likely because "search_web" has named arguments: "query". Consider marking them positional-only
services\ai_team\agents.py:33: error: Argument 1 to "GeminiModel" has incompatible type "str"; expected "Literal['gemini-1.5-flash', 'gemini-1.5-flash-8b', 'gemini-1.5-pro', 'gemini-1.0-pro', 'gemini-2.0-flash-exp']"  [arg-type]
services\ai_team\agents.py:43: error: Argument 1 to "GeminiModel" has incompatible type "str"; expected "Literal['gemini-1.5-flash', 'gemini-1.5-flash-8b', 'gemini-1.5-pro', 'gemini-1.0-pro', 'gemini-2.0-flash-exp']"  [arg-type]
services\ai_team\agents.py:70: error: Unexpected keyword argument "toolsets" for "Agent"; did you mean "tools"?  [call-arg]
C:\Python310\lib\site-packages\pydantic_ai\agent.py:120: note: "Agent" defined here
services\ai_team\agents.py:80: error: Argument 1 to "GeminiModel" has incompatible type "str"; expected "Literal['gemini-1.5-flash', 'gemini-1.5-flash-8b', 'gemini-1.5-pro', 'gemini-1.0-pro', 'gemini-2.0-flash-exp']"  [arg-type]
services\ai_team\agents.py:87: error: Argument 1 to "tool" of "Agent" has incompatible type "Callable[[], list[str]]"; expected "Callable[[RunContext[None]], Any]"  [arg-type]
services\ai_team\agents.py:88: error: Argument 1 to "tool" of "Agent" has incompatible type "Callable[[str], str]"; expected "Callable[[RunContext[None]], Any]"  [arg-type]
services\ai_team\agents.py:88: note: This is likely because "load_skill" has named arguments: "skill_name". Consider marking them positional-only
services\ai_team\orchestrator.py:65: error: Incompatible types in "await" (actual type "Agent[None, str]", expected type "Awaitable[Any]")  [misc]
services\ai_team\orchestrator.py:80: error: Return type "Coroutine[Any, Any, End[AgentState]]" of "run" incompatible with return type "Coroutine[Any, Any, BaseNode[AgentState, None, Any] | End[Never]]" in supertype "pydantic_graph.nodes.BaseNode"  [override]
services\ai_team\orchestrator.py:110: error: Incompatible return value type (got "GraphRunResult[AgentState, None]", expected "AgentState")  [return-value]
services\ai_team\orchestrator.py:114: error: Function is missing a return type annotation  [no-untyped-def]
services\ai_team\orchestrator.py:114: note: Use "-> None" if function does not return a value
services\ai_team\orchestrator.py:122: error: Call to untyped function "main" in typed context  [no-untyped-call]
scripts\verify_agents.py:11: error: Function is missing a return type annotation  [no-untyped-def]
scripts\verify_agents.py:11: note: Use "-> None" if function does not return a value
scripts\verify_agents.py:28: error: Need type annotation for "run_future"  [var-annotated]
scripts\verify_agents.py:40: error: Need type annotation for "dev_factory_future"  [var-annotated]
scripts\verify_agents.py:50: error: "AgentState" has no attribute "output"  [attr-defined]
scripts\verify_agents.py:63: error: Call to untyped function "test_graph_execution" in typed context  [no-untyped-call]
Found 289 errors in 38 files (checked 58 source files)
