skills\ppf_manage_dependencies\config.py:54: error: Value of type "object" is not indexable  [index]
plugins\tts_example_plugin\plugin.py:144: error: Argument 1 to "_get_voice_by_id" of "ExampleTTSPlugin" has incompatible type "str | None"; expected "str"  [arg-type]
plugins\tts_example_plugin\plugin.py:173: error: Argument "voice_id" to "SynthesisResult" has incompatible type "str | None"; expected "str"  [arg-type]
skills\ppf_create_plugin\executor.py:15: error: Module "config" has no attribute "CONTRACT_TEMPLATE"  [attr-defined]
skills\ppf_create_plugin\executor.py:15: error: Module "config" has no attribute "MANIFEST_TEMPLATE"  [attr-defined]
skills\ppf_create_plugin\executor.py:15: error: Module "config" has no attribute "PLUGIN_TEMPLATE"  [attr-defined]
skills\ppf_create_plugin\executor.py:15: error: Module "config" has no attribute "TS_INTERFACE_TEMPLATE"  [attr-defined]
skills\ppf_create_plugin\executor.py:15: error: Module "config" has no attribute "TYPE_MAP"  [attr-defined]
skills\ppf_create_plugin\executor.py:23: error: Function is missing a type annotation  [no-untyped-def]
skills\ppf_create_plugin\executor.py:28: error: Function is missing a type annotation  [no-untyped-def]
skills\ppf_create_plugin\executor.py:34: error: Function is missing a type annotation  [no-untyped-def]
skills\ppf_create_plugin\executor.py:39: error: Function is missing a type annotation  [no-untyped-def]
skills\ppf_create_plugin\executor.py:54: error: Call to untyped function "to_pascal_case" in typed context  [no-untyped-call]
skills\ppf_create_plugin\executor.py:55: error: Call to untyped function "to_pascal_case" in typed context  [no-untyped-call]
skills\ppf_create_plugin\executor.py:83: error: Call to untyped function "_build_manifest" in typed context  [no-untyped-call]
skills\ppf_create_plugin\executor.py:90: error: Call to untyped function "_build_contract" in typed context  [no-untyped-call]
skills\ppf_create_plugin\executor.py:96: error: Call to untyped function "_build_plugin" in typed context  [no-untyped-call]
skills\ppf_create_plugin\executor.py:101: error: Call to untyped function "_build_ts_interfaces" in typed context  [no-untyped-call]
skills\ppf_create_plugin\executor.py:112: error: Function is missing a type annotation  [no-untyped-def]
skills\ppf_create_plugin\executor.py:159: error: Function is missing a type annotation  [no-untyped-def]
skills\ppf_create_plugin\executor.py:165: error: Call to untyped function "to_pascal_case" in typed context  [no-untyped-call]
skills\ppf_create_plugin\executor.py:195: error: Call to untyped function "to_pascal_case" in typed context  [no-untyped-call]
skills\ppf_create_plugin\executor.py:200: error: Function is missing a type annotation  [no-untyped-def]
skills\ppf_create_plugin\executor.py:211: error: Call to untyped function "to_pascal_case" in typed context  [no-untyped-call]
skills\ppf_create_plugin\executor.py:232: error: Function is missing a type annotation  [no-untyped-def]
skills\ppf_create_plugin\executor.py:238: error: Call to untyped function "to_pascal_case" in typed context  [no-untyped-call]
skills\ppf_create_plugin\executor.py:243: error: Call to untyped function "map_type_to_ts" in typed context  [no-untyped-call]
skills\ppf_create_plugin\executor.py:249: error: Call to untyped function "map_type_to_ts" in typed context  [no-untyped-call]
skills\ppf_create_application\executor.py:19: error: Function is missing a return type annotation  [no-untyped-def]
skills\ppf_create_application\executor.py:34: error: Function is missing a type annotation  [no-untyped-def]
skills\ppf_create_application\executor.py:55: error: Function is missing a type annotation  [no-untyped-def]
skills\ppf_create_application\executor.py:59: error: Need type annotation for "artifacts"  [var-annotated]
skills\ppf_create_application\executor.py:70: error: Function is missing a return type annotation  [no-untyped-def]
skills\ppf_create_application\executor.py:91: error: Call to untyped function "get_project_root" in typed context  [no-untyped-call]
skills\ppf_create_application\executor.py:96: error: Call to untyped function "check_bundle_identifier" in typed context  [no-untyped-call]
skills\ppf_create_application\executor.py:110: error: Item "None" of "IO[str] | None" has no attribute "__iter__" (not iterable)  [union-attr]
skills\ppf_create_application\executor.py:122: error: Call to untyped function "find_artifacts" in typed context  [no-untyped-call]
skills\ppf_create_application\executor.py:135: error: Call to untyped function "build_application" in typed context  [no-untyped-call]
skills\ppf_build_application\executor.py:23: error: Function is missing a return type annotation  [no-untyped-def]
skills\ppf_build_application\executor.py:41: error: Function is missing a type annotation  [no-untyped-def]
skills\ppf_build_application\executor.py:62: error: Function is missing a type annotation  [no-untyped-def]
skills\ppf_build_application\executor.py:66: error: Need type annotation for "artifacts"  [var-annotated]
skills\ppf_build_application\executor.py:82: error: Function is missing a return type annotation  [no-untyped-def]
skills\ppf_build_application\executor.py:84: error: Call to untyped function "get_project_root" in typed context  [no-untyped-call]
skills\ppf_build_application\executor.py:107: error: Call to untyped function "check_bundle_identifier" in typed context  [no-untyped-call]
skills\ppf_build_application\executor.py:149: error: Call to untyped function "find_artifacts" in typed context  [no-untyped-call]
skills\ppf_build_application\executor.py:166: error: Call to untyped function "build_application" in typed context  [no-untyped-call]
skills\ppf_manage_dependencies\executor.py:27: error: Module "config" has no attribute "DEPENDENCY_CONFIG"  [attr-defined]
skills\ppf_manage_dependencies\executor.py:35: error: Function is missing a return type annotation  [no-untyped-def]
skills\ppf_manage_dependencies\executor.py:35: note: Use "-> None" if function does not return a value
skills\ppf_manage_dependencies\executor.py:42: error: Function is missing a return type annotation  [no-untyped-def]
skills\ppf_manage_dependencies\executor.py:42: error: Function is missing a type annotation for one or more arguments  [no-untyped-def]
skills\ppf_manage_dependencies\executor.py:70: error: Function is missing a return type annotation  [no-untyped-def]
skills\ppf_manage_dependencies\executor.py:96: error: Function is missing a type annotation  [no-untyped-def]
skills\ppf_manage_dependencies\executor.py:113: error: Function is missing a type annotation  [no-untyped-def]
skills\ppf_manage_dependencies\executor.py:123: error: Function is missing a return type annotation  [no-untyped-def]
skills\ppf_manage_dependencies\executor.py:156: error: Function is missing a type annotation  [no-untyped-def]
skills\ppf_manage_dependencies\executor.py:176: error: Function is missing a type annotation  [no-untyped-def]
skills\ppf_manage_dependencies\executor.py:193: error: Call to untyped function "parse_version" in typed context  [no-untyped-call]
skills\ppf_manage_dependencies\executor.py:194: error: Call to untyped function "parse_version" in typed context  [no-untyped-call]
skills\ppf_manage_dependencies\executor.py:203: error: Function is missing a type annotation  [no-untyped-def]
skills\ppf_manage_dependencies\executor.py:209: error: Need type annotation for "requirements" (hint: "requirements: dict[<type>, <type>] = ...")  [var-annotated]
skills\ppf_manage_dependencies\executor.py:234: error: Function is missing a type annotation  [no-untyped-def]
skills\ppf_manage_dependencies\executor.py:240: error: Need type annotation for "conflicts"  [var-annotated]
skills\ppf_manage_dependencies\executor.py:244: error: Call to untyped function "load_plugin_requirements" in typed context  [no-untyped-call]
skills\ppf_manage_dependencies\executor.py:247: error: Need type annotation for "combined" (hint: "combined: dict[<type>, <type>] = ...")  [var-annotated]
skills\ppf_manage_dependencies\executor.py:274: error: Call to untyped function "compare_versions" in typed context  [no-untyped-call]
skills\ppf_manage_dependencies\executor.py:307: error: Function is missing a type annotation  [no-untyped-def]
skills\ppf_manage_dependencies\executor.py:336: error: Function is missing a type annotation  [no-untyped-def]
skills\ppf_manage_dependencies\executor.py:361: error: Call to untyped function "_validate_dependency_commands" in typed context  [no-untyped-call]
skills\ppf_manage_dependencies\executor.py:367: error: Call to untyped function "validate_environment" in typed context  [no-untyped-call]
skills\ppf_manage_dependencies\executor.py:372: error: Call to untyped function "load_manifest" in typed context  [no-untyped-call]
skills\ppf_manage_dependencies\executor.py:377: error: Need type annotation for "missing"  [var-annotated]
skills\ppf_manage_dependencies\executor.py:378: error: Need type annotation for "conflicts"  [var-annotated]
skills\ppf_manage_dependencies\executor.py:382: error: Call to untyped function "get_installed_python_packages" in typed context  [no-untyped-call]
skills\ppf_manage_dependencies\executor.py:388: error: Call to untyped function "detect_python_conflicts" in typed context  [no-untyped-call]
skills\ppf_manage_dependencies\executor.py:392: error: Call to untyped function "get_installed_npm_packages" in typed context  [no-untyped-call]
skills\ppf_manage_dependencies\executor.py:403: error: Call to untyped function "check_system_tool" in typed context  [no-untyped-call]
skills\ppf_manage_dependencies\executor.py:427: error: Function is missing a type annotation  [no-untyped-def]
skills\ppf_manage_dependencies\executor.py:432: error: Call to untyped function "validate_environment" in typed context  [no-untyped-call]
skills\ppf_manage_dependencies\executor.py:501: error: Call to untyped function "audit_dependencies" in typed context  [no-untyped-call]
skills\ppf_create_plugin\types_sync.py:26: error: Unused "type: ignore" comment  [unused-ignore]
skills\ppf_create_plugin\types_sync.py:42: error: Returning Any from function declared to return "str"  [no-any-return]
skills\ppf_create_plugin\types_sync.py:109: error: Returning Any from function declared to return "str"  [no-any-return]
skills\ppf_create_plugin\types_sync.py:151: error: Unused "type: ignore" comment  [unused-ignore]
plugins\_host\discovery.py:107: error: Missing type parameters for generic type "Pattern"  [type-arg]
plugins\_host\validator.py:370: error: Incompatible types in assignment (expression has type "str", variable has type "FunctionType")  [assignment]
plugins\_host\validator.py:371: error: Argument 1 to "append" of "list" has incompatible type "FunctionType"; expected "str"  [arg-type]
plugins\stt_whisper\plugin.py:266: error: Function does not return a value (it only ever returns None)  [func-returns-value]
plugins\llm_ollama_v2\plugin.py:141: error: Returning Any from function declared to return "bool"  [no-any-return]
plugins\llm_ollama_v2\plugin.py:156: error: Returning Any from function declared to return "list[dict[str, Any]]"  [no-any-return]
plugins\llm_ollama_v2\plugin.py:256: error: Missing return statement  [return]
plugins\llm_ollama_v2\plugin.py:266: error: Returning Any from function declared to return "dict[str, Any]"  [no-any-return]
plugins\llm_ollama_v2\plugin.py:297: error: Return type "AsyncIterator[StreamChunk]" of "complete_stream" incompatible with return type "Coroutine[Any, Any, AsyncIterator[StreamChunk]]" in supertype "contracts.llm_contract.LLMContract"  [override]
plugins\llm_ollama_v2\plugin.py:297: note: Consider declaring "complete_stream" in supertype "contracts.llm_contract.LLMContract" without "async"
plugins\llm_ollama_v2\plugin.py:297: note: See https://mypy.readthedocs.io/en/stable/more_types.html#asynchronous-iterators
plugins\_host\shutdown.py:165: error: Incompatible types in assignment (expression has type "Callable[[int, FrameType | None], Any] | int | None", variable has type "None")  [assignment]
plugins\_host\shutdown.py:166: error: Incompatible types in assignment (expression has type "Callable[[int, FrameType | None], Any] | int | None", variable has type "None")  [assignment]
plugins\_host\shutdown.py:186: error: Function is missing a type annotation for one or more arguments  [no-untyped-def]
plugins\_host\shutdown.py:191: error: Function is missing a type annotation for one or more arguments  [no-untyped-def]
plugins\_host\shutdown.py:336: error: Incompatible types in assignment (expression has type "Callable[[], None]", variable has type "Callable[[], Coroutine[Any, Any, None]]")  [assignment]
plugins\_host\shutdown.py:338: error: Value of type "Coroutine[Any, Any, None]" must be used  [unused-coroutine]
plugins\_host\shutdown.py:338: note: Are you missing an await?
plugins\_host\shutdown.py:466: error: Function is missing a type annotation for one or more arguments  [no-untyped-def]
plugins\_host\manager.py:574: error: Unsupported target for indexed assignment ("object")  [index]
plugins\_host\manager.py:582: error: Unsupported right operand type for in ("object")  [operator]
plugins\_host\manager.py:583: error: Unsupported target for indexed assignment ("object")  [index]
plugins\_host\manager.py:584: error: Value of type "object" is not indexable  [index]
plugins\_host\manager.py:587: error: Unsupported right operand type for in ("object")  [operator]
plugins\_host\manager.py:588: error: Unsupported target for indexed assignment ("object")  [index]
plugins\_host\manager.py:589: error: Value of type "object" is not indexable  [index]
plugins\_host\manager.py:647: error: Function is missing a return type annotation  [no-untyped-def]
plugins\_host\manager.py:647: note: Use "-> None" if function does not return a value
plugins\_host\manager.py:663: error: Call to untyped function "test_manager" in typed context  [no-untyped-call]
plugins\_host\isolation.py:380: error: Missing type parameters for generic type "tuple"  [type-arg]
plugins\_host\isolation.py:461: error: Missing type parameters for generic type "tuple"  [type-arg]
plugins\_host\isolation.py:579: error: Function is missing a return type annotation  [no-untyped-def]
plugins\_host\isolation.py:594: error: Missing type parameters for generic type "Callable"  [type-arg]
plugins\_host\isolation.py:596: error: Function is missing a type annotation  [no-untyped-def]
plugins\tests\test_whisper_stt.py:22: error: Function is missing a return type annotation  [no-untyped-def]
plugins\tests\test_whisper_stt.py:22: error: Incompatible default for argument "audio_file" (default has type "None", argument has type "str")  [assignment]
plugins\tests\test_whisper_stt.py:22: note: PEP 484 prohibits implicit Optional. Accordingly, mypy has changed its default to no_implicit_optional=True
plugins\tests\test_whisper_stt.py:22: note: Use https://github.com/hauntsaninja/no_implicit_optional to automatically upgrade your codebase
plugins\tests\test_whisper_stt.py:88: error: Incompatible types in "await" (actual type "HealthStatus", expected type "Awaitable[Any]")  [misc]
plugins\tests\test_whisper_stt.py:139: error: Incompatible types in assignment (expression has type "TranscriptionResult", variable has type "bool")  [assignment]
plugins\tests\test_whisper_stt.py:142: error: "bool" has no attribute "text"  [attr-defined]
plugins\tests\test_whisper_stt.py:143: error: "bool" has no attribute "language"  [attr-defined]
plugins\tests\test_whisper_stt.py:144: error: "bool" has no attribute "duration_ms"  [attr-defined]
plugins\tests\test_whisper_stt.py:145: error: "bool" has no attribute "segments"  [attr-defined]
plugins\tests\test_whisper_stt.py:147: error: "bool" has no attribute "segments"  [attr-defined]
plugins\tests\test_whisper_stt.py:148: error: "bool" has no attribute "segments"  [attr-defined]
plugins\tests\test_whisper_stt.py:172: error: Argument 1 to "test_whisper_stt" has incompatible type "str | None"; expected "str"  [arg-type]
services\llm.py:346: error: Need type annotation for "health"  [var-annotated]
services\llm.py:346: error: Argument 1 to "run" has incompatible type "HealthStatus"; expected "Coroutine[Any, Any, Never]"  [arg-type]
services\llm.py:347: error: Returning Any from function declared to return "bool"  [no-any-return]
plugins\_host\protocol.py:176: error: Incompatible types in assignment (expression has type "dict[str, Any]", target has type "str | int | None")  [assignment]
plugins\_host\protocol.py:319: error: Function is missing a type annotation  [no-untyped-def]
plugins\_host\protocol.py:325: error: Function is missing a type annotation  [no-untyped-def]
plugins\_host\protocol.py:337: error: Function is missing a type annotation  [no-untyped-def]
plugins\_host\protocol.py:347: error: Function is missing a type annotation  [no-untyped-def]
plugins\_host\protocol.py:368: error: Function is missing a type annotation  [no-untyped-def]
plugins\_host\protocol.py:382: error: Function is missing a type annotation  [no-untyped-def]
plugins\_host\protocol.py:402: error: Function is missing a type annotation  [no-untyped-def]
plugins\_host\protocol.py:433: error: Function is missing a return type annotation  [no-untyped-def]
plugins\tests\test_ollama_llm.py:24: error: Function is missing a return type annotation  [no-untyped-def]
plugins\tests\test_ollama_llm.py:76: error: Incompatible types in "await" (actual type "HealthStatus", expected type "Awaitable[Any]")  [misc]
plugins\tests\test_ollama_llm.py:105: error: Incompatible types in assignment (expression has type "CompletionResult", variable has type "bool")  [assignment]
plugins\tests\test_ollama_llm.py:108: error: "bool" has no attribute "content"  [attr-defined]
plugins\tests\test_ollama_llm.py:109: error: "bool" has no attribute "model"  [attr-defined]
plugins\tests\test_ollama_llm.py:110: error: "bool" has no attribute "usage"  [attr-defined]
plugins\tests\test_ollama_llm.py:128: error: Function is missing a return type annotation  [no-untyped-def]
plugins\tests\test_ollama_llm.py:175: error: Call to untyped function "test_ollama_llm" in typed context  [no-untyped-call]
plugins\tests\test_ollama_llm.py:179: error: Call to untyped function "test_llm_service" in typed context  [no-untyped-call]
plugins\_host\__init__.py:111: error: Missing type parameters for generic type "StreamHandler"  [type-arg]
plugins\_host\__init__.py:320: error: Name "Any" is not defined  [name-defined]
plugins\_host\__init__.py:320: note: Did you forget to import it from "typing"? (Suggestion: "from typing import Any")
plugins\_host\__init__.py:326: error: Name "Any" is not defined  [name-defined]
plugins\_host\__init__.py:326: note: Did you forget to import it from "typing"? (Suggestion: "from typing import Any")
plugins\_host\__init__.py:332: error: Name "Any" is not defined  [name-defined]
plugins\_host\__init__.py:332: note: Did you forget to import it from "typing"? (Suggestion: "from typing import Any")
plugins\_host\__init__.py:338: error: Name "Any" is not defined  [name-defined]
plugins\_host\__init__.py:338: note: Did you forget to import it from "typing"? (Suggestion: "from typing import Any")
plugins\_host\__init__.py:344: error: Name "Any" is not defined  [name-defined]
plugins\_host\__init__.py:344: note: Did you forget to import it from "typing"? (Suggestion: "from typing import Any")
plugins\_host\__init__.py:350: error: Name "Any" is not defined  [name-defined]
plugins\_host\__init__.py:350: note: Did you forget to import it from "typing"? (Suggestion: "from typing import Any")
plugins\_host\__init__.py:356: error: Name "Any" is not defined  [name-defined]
plugins\_host\__init__.py:356: note: Did you forget to import it from "typing"? (Suggestion: "from typing import Any")
plugins\llm_ollama\plugin.py:11: error: Module "plugins._host" has no attribute "PluginBase"  [attr-defined]
plugins\llm_ollama\plugin.py:14: error: Class cannot subclass "PluginBase" (has type "Any")  [misc]
plugins\llm_ollama\plugin.py:15: error: Function is missing a return type annotation  [no-untyped-def]
plugins\llm_ollama\plugin.py:15: note: Use "-> None" if function does not return a value
plugins\llm_ollama\plugin.py:23: error: Function is missing a return type annotation  [no-untyped-def]
plugins\llm_ollama\plugin.py:23: note: Use "-> None" if function does not return a value
plugins\llm_ollama\plugin.py:27: error: Missing type parameters for generic type "dict"  [type-arg]
plugins\llm_ollama\plugin.py:37: error: Missing type parameters for generic type "list"  [type-arg]
plugins\llm_ollama\plugin.py:48: error: Missing type parameters for generic type "dict"  [type-arg]
plugins\llm_ollama\plugin.py:110: error: Function is missing a return type annotation  [no-untyped-def]
plugins\_host\__main__.py:293: error: Argument 1 to "request_started" of "ShutdownHandler" has incompatible type "str | int"; expected "int"  [arg-type]
plugins\_host\__main__.py:319: error: Argument 1 to "request_completed" of "ShutdownHandler" has incompatible type "str | int"; expected "int"  [arg-type]
plugins\_host\__main__.py:410: error: Argument 1 to "request_started" of "ShutdownHandler" has incompatible type "str | int"; expected "int"  [arg-type]
plugins\_host\__main__.py:440: error: Argument 1 to "request_completed" of "ShutdownHandler" has incompatible type "str | int"; expected "int"  [arg-type]
plugins\tts_kokoro\plugin.py:262: error: Function does not return a value (it only ever returns None)  [func-returns-value]
plugins\tts_kokoro\plugin.py:263: error: "None" has no attribute "_lang_code"  [attr-defined]
plugins\tts_kokoro\plugin.py:332: error: Argument 1 to "_get_lang_code_for_voice" of "KokoroTTSPlugin" has incompatible type "str | None"; expected "str"  [arg-type]
plugins\tts_kokoro\plugin.py:342: error: "None" not callable  [misc]
plugins\tts_kokoro\plugin.py:376: error: Argument "voice_id" to "SynthesisResult" has incompatible type "str | None"; expected "str"  [arg-type]
plugins\tests\test_roundtrip.py:28: error: Function is missing a return type annotation  [no-untyped-def]
plugins\tests\test_roundtrip.py:54: error: Incompatible types in "await" (actual type "HealthStatus", expected type "Awaitable[Any]")  [misc]
plugins\tests\test_roundtrip.py:80: error: Incompatible types in "await" (actual type "HealthStatus", expected type "Awaitable[Any]")  [misc]
plugins\tests\test_roundtrip.py:209: error: Call to untyped function "test_roundtrip" in typed context  [no-untyped-call]
plugins\tests\test_kokoro_tts.py:23: error: Function is missing a return type annotation  [no-untyped-def]
plugins\tests\test_kokoro_tts.py:78: error: Incompatible types in "await" (actual type "HealthStatus", expected type "Awaitable[Any]")  [misc]
plugins\tests\test_kokoro_tts.py:105: error: Incompatible types in assignment (expression has type "SynthesisResult", variable has type "bool")  [assignment]
plugins\tests\test_kokoro_tts.py:108: error: "bool" has no attribute "duration_ms"  [attr-defined]
plugins\tests\test_kokoro_tts.py:109: error: "bool" has no attribute "format"  [attr-defined]
plugins\tests\test_kokoro_tts.py:110: error: "bool" has no attribute "sample_rate"  [attr-defined]
plugins\tests\test_kokoro_tts.py:111: error: "bool" has no attribute "audio_data"  [attr-defined]
plugins\tests\test_kokoro_tts.py:112: error: "bool" has no attribute "metadata"  [attr-defined]
plugins\tests\test_kokoro_tts.py:117: error: "bool" has no attribute "audio_data"  [attr-defined]
plugins\tests\test_kokoro_tts.py:137: error: Call to untyped function "test_kokoro_tts" in typed context  [no-untyped-call]
plugins\tests\test_services.py:19: error: Function is missing a return type annotation  [no-untyped-def]
plugins\tests\test_services.py:65: error: Function is missing a return type annotation  [no-untyped-def]
plugins\tests\test_services.py:119: error: Function is missing a return type annotation  [no-untyped-def]
plugins\tests\test_services.py:136: error: Call to untyped function "test_voice_service" in typed context  [no-untyped-call]
plugins\tests\test_services.py:137: error: Call to untyped function "test_llm_service" in typed context  [no-untyped-call]
plugins\tests\test_services.py:150: error: Call to untyped function "main" in typed context  [no-untyped-call]
services\ai_team\tools\brave_search.py:30: error: Argument "params" to "get" of "AsyncClient" has incompatible type "dict[str, object]"; expected "QueryParams | Mapping[str, str | int | float | bool | None | Sequence[str | int | float | bool | None]] | list[tuple[str, str | int | float | bool | None]] | tuple[tuple[str, str | int | float | bool | None], ...] | str | bytes | None"  [arg-type]
services\ai_team\config.py:36: error: Returning Any from function declared to return "AgentConfig"  [no-any-return]
services\ai_team\agents.py:19: error: Argument 1 to "GeminiModel" has incompatible type "str"; expected "Literal['gemini-1.5-flash', 'gemini-1.5-flash-8b', 'gemini-1.5-pro', 'gemini-1.0-pro', 'gemini-2.0-flash-exp']"  [arg-type]
services\ai_team\agents.py:21: error: Argument "deps_type" to "Agent" has incompatible type "None"; expected "type[None]"  [arg-type]
services\ai_team\agents.py:23: error: Argument 1 to "tool" of "Agent" has incompatible type "Callable[[str, str | None], Coroutine[Any, Any, list[dict[str, Any]]]]"; expected "Callable[[RunContext[None], str | None], Any]"  [arg-type]
services\ai_team\agents.py:23: note: This is likely because "search_web" has named arguments: "query". Consider marking them positional-only
services\ai_team\agents.py:29: error: Argument 1 to "GeminiModel" has incompatible type "str"; expected "Literal['gemini-1.5-flash', 'gemini-1.5-flash-8b', 'gemini-1.5-pro', 'gemini-1.0-pro', 'gemini-2.0-flash-exp']"  [arg-type]
services\ai_team\agents.py:37: error: Argument 1 to "GeminiModel" has incompatible type "str"; expected "Literal['gemini-1.5-flash', 'gemini-1.5-flash-8b', 'gemini-1.5-pro', 'gemini-1.0-pro', 'gemini-2.0-flash-exp']"  [arg-type]
services\ai_team\agents.py:63: error: Unexpected keyword argument "toolsets" for "Agent"; did you mean "tools"?  [call-arg]
C:\Python310\lib\site-packages\pydantic_ai\agent.py:120: note: "Agent" defined here
services\ai_team\agents.py:69: error: Argument 1 to "GeminiModel" has incompatible type "str"; expected "Literal['gemini-1.5-flash', 'gemini-1.5-flash-8b', 'gemini-1.5-pro', 'gemini-1.0-pro', 'gemini-2.0-flash-exp']"  [arg-type]
services\ai_team\agents.py:73: error: Argument 1 to "tool" of "Agent" has incompatible type "Callable[[], list[str]]"; expected "Callable[[RunContext[None]], Any]"  [arg-type]
services\ai_team\agents.py:74: error: Argument 1 to "tool" of "Agent" has incompatible type "Callable[[str], str]"; expected "Callable[[RunContext[None]], Any]"  [arg-type]
services\ai_team\agents.py:74: note: This is likely because "load_skill" has named arguments: "skill_name". Consider marking them positional-only
services\ai_team\orchestrator.py:73: error: Incompatible types in "await" (actual type "Agent[None, str]", expected type "Awaitable[Any]")  [misc]
services\ai_team\orchestrator.py:90: error: Return type "Coroutine[Any, Any, End[AgentState]]" of "run" incompatible with return type "Coroutine[Any, Any, BaseNode[AgentState, None, Any] | End[Never]]" in supertype "pydantic_graph.nodes.BaseNode"  [override]
services\ai_team\orchestrator.py:119: error: Incompatible return value type (got "GraphRunResult[AgentState, None]", expected "AgentState")  [return-value]
services\ai_team\orchestrator.py:125: error: Function is missing a return type annotation  [no-untyped-def]
services\ai_team\orchestrator.py:125: note: Use "-> None" if function does not return a value
services\ai_team\orchestrator.py:133: error: Call to untyped function "main" in typed context  [no-untyped-call]
scripts\verify_agents.py:12: error: Function is missing a return type annotation  [no-untyped-def]
scripts\verify_agents.py:12: note: Use "-> None" if function does not return a value
scripts\verify_agents.py:30: error: Need type annotation for "run_future"  [var-annotated]
scripts\verify_agents.py:42: error: Need type annotation for "dev_factory_future"  [var-annotated]
scripts\verify_agents.py:52: error: "AgentState" has no attribute "output"  [attr-defined]
scripts\verify_agents.py:66: error: Call to untyped function "test_graph_execution" in typed context  [no-untyped-call]
Found 212 errors in 30 files (checked 58 source files)
